# Logfile created on 2014-01-20 14:58:31 +0600 by logger.rb/44203

Sent mail to vanopiano@gmail.com (20.3ms)
Date: Mon, 20 Jan 2014 15:10:39 +0600
From: please-change-me-at-config-initializers-devise@example.com
Reply-To: please-change-me-at-config-initializers-devise@example.com
To: vanopiano@gmail.com
Message-ID: <52dce80f7c1db_455543b29f6859ac@vanobook.mail>
Subject: =?UTF-8?Q?=D0=90=D0=BA=D1=82=D0=B8=D0=B2=D0=B0=D1=86=D0=B8=D1=8F?=
 =?UTF-8?Q?_=D1=83=D1=87=D0=B5=D1=82=D0=BD=D0=BE=D0=B9?=
 =?UTF-8?Q?_=D0=B7=D0=B0=D0=BF=D0=B8=D1=81=D0=B8?=
Mime-Version: 1.0
Content-Type: text/html;
 charset=UTF-8
Content-Transfer-Encoding: base64

PHA+0J/RgNC40LLQtdGCICE8L3A+Cgo8cD7QktGLINC80L7QttC10YLQtSDQ
sNC60YLQuNCy0LjRgNC+0LLQsNGC0Ywg0YHQstC+0Y4g0YPRh9C10YLQvdGD
0Y4g0LfQsNC/0LjRgdGMLCDQvdCw0LbQsNCyINGB0YHRi9C70LrRgyDRgdC9
0LjQt9GDOjwvcD4KCjxwPjxhIGhyZWY9Imh0dHA6Ly9sb2NhbGhvc3Q6MzAw
MC91c2Vycy9jb25maXJtYXRpb24/Y29uZmlybWF0aW9uX3Rva2VuPWZlNTdi
MTY2N2NlMmI5ZTE5NGU4OTFlZjk3OWVhMzE1ODk5MzliNzc5MDk0ZTNkYThh
MDk2NzhlNzQ1ZTY0NDIiPtCQ0LrRgtC40LLQuNGA0L7QstCw0YLRjDwvYT48
L3A+


Sent mail to vanopiano@gmail.com (20.6ms)
Date: Mon, 20 Jan 2014 15:17:30 +0600
From: please-change-me-at-config-initializers-devise@example.com
Reply-To: please-change-me-at-config-initializers-devise@example.com
To: vanopiano@gmail.com
Message-ID: <52dce9aa46367_47a04bfb5ea35831@vanobook.mail>
Subject: =?UTF-8?Q?=D0=90=D0=BA=D1=82=D0=B8=D0=B2=D0=B0=D1=86=D0=B8=D1=8F?=
 =?UTF-8?Q?_=D1=83=D1=87=D0=B5=D1=82=D0=BD=D0=BE=D0=B9?=
 =?UTF-8?Q?_=D0=B7=D0=B0=D0=BF=D0=B8=D1=81=D0=B8?=
Mime-Version: 1.0
Content-Type: text/html;
 charset=UTF-8
Content-Transfer-Encoding: base64

PHA+0J/RgNC40LLQtdGCICE8L3A+Cgo8cD7QktGLINC80L7QttC10YLQtSDQ
sNC60YLQuNCy0LjRgNC+0LLQsNGC0Ywg0YHQstC+0Y4g0YPRh9C10YLQvdGD
0Y4g0LfQsNC/0LjRgdGMLCDQvdCw0LbQsNCyINGB0YHRi9C70LrRgyDRgdC9
0LjQt9GDOjwvcD4KCjxwPjxhIGhyZWY9Imh0dHA6Ly9sb2NhbGhvc3Q6MzAw
MC91c2Vycy9jb25maXJtYXRpb24/Y29uZmlybWF0aW9uX3Rva2VuPTAwNGY4
Zjk1MWM1ODIzOTM3N2Y2MzY1ZDhjMWQ5NzU0NjExODJhYzkwYjYxYjYwNDEy
MWYzZTkwY2NkOWYxOTciPtCQ0LrRgtC40LLQuNGA0L7QstCw0YLRjDwvYT48
L3A+

